<?xml version="1.0" encoding="UTF-8"?>
<robot generator="Robot 4.0 (Python 3.8.3 on win32)" generated="20210418 11:25:50.153" rpa="false" schemaversion="2">
<suite id="s1" name="First test" source="C:\Python\robot_framework\First_test.robot">
<test id="s1-t1" name="test1">
<kw name="Should Be Equal" library="BuiltIn">
<arg>${x}</arg>
<arg>${y}</arg>
<doc>Fails if the given objects are unequal.</doc>
<msg timestamp="20210418 11:25:50.188" level="FAIL">6 != 15</msg>
<status status="FAIL" starttime="20210418 11:25:50.188" endtime="20210418 11:25:50.189"/>
</kw>
<status status="FAIL" starttime="20210418 11:25:50.187" endtime="20210418 11:25:50.189">6 != 15</status>
</test>
<test id="s1-t2" name="test2">
<kw name="Should Not Be Equal" library="BuiltIn">
<arg>${x}</arg>
<arg>${y}</arg>
<doc>Fails if the given objects are equal.</doc>
<status status="PASS" starttime="20210418 11:25:50.190" endtime="20210418 11:25:50.190"/>
</kw>
<status status="PASS" starttime="20210418 11:25:50.189" endtime="20210418 11:25:50.190"/>
</test>
<test id="s1-t3" name="test3">
<kw name="Num" library="functions">
<var>${num}</var>
<msg timestamp="20210418 11:25:50.191" level="INFO">${num} = 12</msg>
<status status="PASS" starttime="20210418 11:25:50.191" endtime="20210418 11:25:50.191"/>
</kw>
<kw name="Convert To String" library="BuiltIn">
<var>${numstring}</var>
<arg>${num}</arg>
<doc>Converts the given item to a Unicode string.</doc>
<msg timestamp="20210418 11:25:50.191" level="INFO">${numstring} = 12</msg>
<status status="PASS" starttime="20210418 11:25:50.191" endtime="20210418 11:25:50.191"/>
</kw>
<kw name="Should Be Equal" library="BuiltIn">
<arg>${numstring}</arg>
<arg>${z}</arg>
<doc>Fails if the given objects are unequal.</doc>
<status status="PASS" starttime="20210418 11:25:50.191" endtime="20210418 11:25:50.192"/>
</kw>
<status status="PASS" starttime="20210418 11:25:50.190" endtime="20210418 11:25:50.192"/>
</test>
<test id="s1-t4" name="test4">
<kw name="Convert To Integer" library="BuiltIn">
<var>${a}</var>
<arg>${a}</arg>
<doc>Converts the given item to an integer number.</doc>
<msg timestamp="20210418 11:25:50.193" level="INFO">${a} = 3</msg>
<status status="PASS" starttime="20210418 11:25:50.192" endtime="20210418 11:25:50.193"/>
</kw>
<kw name="Convert To Integer" library="BuiltIn">
<var>${b}</var>
<arg>${b}</arg>
<doc>Converts the given item to an integer number.</doc>
<msg timestamp="20210418 11:25:50.193" level="INFO">${b} = 5</msg>
<status status="PASS" starttime="20210418 11:25:50.193" endtime="20210418 11:25:50.193"/>
</kw>
<kw name="Multiplication" library="functions">
<var>${mul}</var>
<arg>${a}</arg>
<arg>${b}</arg>
<msg timestamp="20210418 11:25:50.194" level="INFO">${mul} = 15</msg>
<status status="PASS" starttime="20210418 11:25:50.193" endtime="20210418 11:25:50.194"/>
</kw>
<kw name="Convert To String" library="BuiltIn">
<var>${mul}</var>
<arg>${mul}</arg>
<doc>Converts the given item to a Unicode string.</doc>
<msg timestamp="20210418 11:25:50.194" level="INFO">${mul} = 15</msg>
<status status="PASS" starttime="20210418 11:25:50.194" endtime="20210418 11:25:50.194"/>
</kw>
<kw name="Should Be Equal" library="BuiltIn">
<arg>${y}</arg>
<arg>${mul}</arg>
<doc>Fails if the given objects are unequal.</doc>
<status status="PASS" starttime="20210418 11:25:50.194" endtime="20210418 11:25:50.194"/>
</kw>
<status status="PASS" starttime="20210418 11:25:50.192" endtime="20210418 11:25:50.195"/>
</test>
<doc>Simple test</doc>
<status status="FAIL" starttime="20210418 11:25:50.155" endtime="20210418 11:25:50.195"/>
</suite>
<statistics>
<total>
<stat pass="3" fail="1" skip="0">All Tests</stat>
</total>
<tag>
</tag>
<suite>
<stat pass="3" fail="1" skip="0" id="s1" name="First test">First test</stat>
</suite>
</statistics>
<errors>
</errors>
</robot>
